1 10 20
100 200 125
201 210 89
900 1000 174
614 880 179
37 858 171
448 95 144
909 729 179
809 808 47
677 490 145
707 452 171
657 315 145
816 657 171
851 989 179
881 456 179
647 227 144
402 572 142
370 977 179
51 528 144
367 767 171
95 224 125
383 181 144
799 697 171
925 7 179
1 2 1
3 4 8
5 6 9
7 8 17
9 10 20
999999 999999 259
50 50 25
100 100 26
100000 100000 129
73009 40817 340
60206 32765 340
62540 76130 330
91135 105002 341
321793 322251 260
88736 49727 351
763094 761012 362
61366 81533 351
92064 35684 351
78113 103852 341
338688 336906 366
629187 629125 173
474896 467260 413
484290 488511 382
492889 505537 426
500357 518131 470
523402 524323 302
527918 520063 408
530236 539262 377
548309 549149 333
563483 557670 359
563379 561955 359
586816 577015 434
590655 592272 403
595274 594995 266
616374 607801 447
623280 620000 372
632595 632324 328
658702 654466 429
681470 679428 367
681707 685388 380
704895 712019 380
716117 722423 411
721723 729329 411
732582 740222 424
751854 753308 424
767839 768206 468
768540 771230 393
772964 771726 393
785502 791784 406
806625 806099 300
812895 816792 375
820697 828807 419
97467 66601 351
573317 570492 372
298490 295499 327
103348 32172 351
741222 739299 393
66249 86990 351
40743 53144 340
14412 59479 340
110294 11017 354
110991 76376 354
59426 28067 340
80154 68977 351
897525 897490 326
755199 754552 318
80308 19593 351
18859 28828 308
86317 106312 354
36421 68972 340
382853 386966 348
22765 34986 311
33062 84303 351
98738 110751 354
55382 84292 351
51735 38602 314
